# JRE version: OpenJDK Runtime Environment Temurin-21.0.7+6 (21.0.7+6) (build 21.0.7+6-LTS)
# Java VM: OpenJDK 64-Bit Server VM Temurin-21.0.7+6 (21.0.7+6-LTS, mixed mode, sharing, tiered, compressed oops, compressed class ptrs, parallel gc, windows-amd64)
GC Precious Log:
 CardTable entry size: 512
 CPUs: 8 total, 8 available
 Memory: 7101M
 Large Page Support: Disabled
 NUMA Support: Disabled
 Compressed Oops: Enabled (32-bit)
 Alignments: Space 512K, Generation 512K, Heap 2M
 Heap Min Capacity: 100M
 Heap Initial Capacity: 100M
 Heap Max Capacity: 2G
 Pre-touch: Disabled
 Parallel Workers: 8
Heap:
 PSYoungGen      total 9728K, used 9396K [0x00000000d5580000, 0x00000000d6100000, 0x0000000100000000)
  eden space 7680K, 100% used [0x00000000d5580000,0x00000000d5d00000,0x00000000d5d00000)
  from space 2048K, 83% used [0x00000000d5f00000,0x00000000d60ad3b8,0x00000000d6100000)
  to   space 2048K, 78% used [0x00000000d5d00000,0x00000000d5e91350,0x00000000d5f00000)
 ParOldGen       total 252416K, used 251987K [0x0000000080000000, 0x000000008f680000, 0x00000000d5580000)
  object space 252416K, 99% used [0x0000000080000000,0x000000008f614c78,0x000000008f680000)
 Metaspace       used 50616K, committed 51840K, reserved 1114112K
  class space    used 5294K, committed 5888K, reserved 1048576K
GC Heap History (20 events):
Event: 16.324 GC heap before
{Heap before GC invocations=111 (full 2):
 PSYoungGen      total 9728K, used 9615K [0x00000000d5580000, 0x00000000d6100000, 0x0000000100000000)
  eden space 7680K, 100% used [0x00000000d5580000,0x00000000d5d00000,0x00000000d5d00000)
  from space 2048K, 94% used [0x00000000d5f00000,0x00000000d60e3cb8,0x00000000d6100000)
  to   space 2048K, 0% used [0x00000000d5d00000,0x00000000d5d00000,0x00000000d5f00000)
 ParOldGen       total 234496K, used 234128K [0x0000000080000000, 0x000000008e500000, 0x00000000d5580000)
  object space 234496K, 99% used [0x0000000080000000,0x000000008e4a40d8,0x000000008e500000)
 Metaspace       used 50603K, committed 51840K, reserved 1114112K
  class space    used 5294K, committed 5888K, reserved 1048576K
}
Event: 16.327 GC heap after
{Heap after GC invocations=111 (full 2):
 PSYoungGen      total 9728K, used 1664K [0x00000000d5580000, 0x00000000d6100000, 0x0000000100000000)
  eden space 7680K, 0% used [0x00000000d5580000,0x00000000d5580000,0x00000000d5d00000)
  from space 2048K, 81% used [0x00000000d5d00000,0x00000000d5ea0000,0x00000000d5f00000)
  to   space 2048K, 0% used [0x00000000d5f00000,0x00000000d5f00000,0x00000000d6100000)
 ParOldGen       total 236032K, used 235921K [0x0000000080000000, 0x000000008e680000, 0x00000000d5580000)
  object space 236032K, 99% used [0x0000000080000000,0x000000008e664400,0x000000008e680000)
 Metaspace       used 50603K, committed 51840K, reserved 1114112K
  class space    used 5294K, committed 5888K, reserved 1048576K
}
Event: 16.359 GC heap before
{Heap before GC invocations=112 (full 2):
 PSYoungGen      total 9728K, used 9344K [0x00000000d5580000, 0x00000000d6100000, 0x0000000100000000)
  eden space 7680K, 100% used [0x00000000d5580000,0x00000000d5d00000,0x00000000d5d00000)
  from space 2048K, 81% used [0x00000000d5d00000,0x00000000d5ea0000,0x00000000d5f00000)
  to   space 2048K, 0% used [0x00000000d5f00000,0x00000000d5f00000,0x00000000d6100000)
 ParOldGen       total 236032K, used 235921K [0x0000000080000000, 0x000000008e680000, 0x00000000d5580000)
  object space 236032K, 99% used [0x0000000080000000,0x000000008e664400,0x000000008e680000)
 Metaspace       used 50603K, committed 51840K, reserved 1114112K
  class space    used 5294K, committed 5888K, reserved 1048576K
}
Event: 16.364 GC heap after
{Heap after GC invocations=112 (full 2):
 PSYoungGen      total 9728K, used 1771K [0x00000000d5580000, 0x00000000d6100000, 0x0000000100000000)
  eden space 7680K, 0% used [0x00000000d5580000,0x00000000d5580000,0x00000000d5d00000)
  from space 2048K, 86% used [0x00000000d5f00000,0x00000000d60bac18,0x00000000d6100000)
  to   space 2048K, 0% used [0x00000000d5d00000,0x00000000d5d00000,0x00000000d5f00000)
 ParOldGen       total 237568K, used 237539K [0x0000000080000000, 0x000000008e800000, 0x00000000d5580000)
  object space 237568K, 99% used [0x0000000080000000,0x000000008e7f8f48,0x000000008e800000)
 Metaspace       used 50603K, committed 51840K, reserved 1114112K
  class space    used 5294K, committed 5888K, reserved 1048576K
}
Event: 16.400 GC heap before
{Heap before GC invocations=113 (full 2):
 PSYoungGen      total 9728K, used 9451K [0x00000000d5580000, 0x00000000d6100000, 0x0000000100000000)
  eden space 7680K, 100% used [0x00000000d5580000,0x00000000d5d00000,0x00000000d5d00000)
  from space 2048K, 86% used [0x00000000d5f00000,0x00000000d60bac18,0x00000000d6100000)
  to   space 2048K, 0% used [0x00000000d5d00000,0x00000000d5d00000,0x00000000d5f00000)
 ParOldGen       total 237568K, used 237539K [0x0000000080000000, 0x000000008e800000, 0x00000000d5580000)
  object space 237568K, 99% used [0x0000000080000000,0x000000008e7f8f48,0x000000008e800000)
 Metaspace       used 50604K, committed 51840K, reserved 1114112K
  class space    used 5294K, committed 5888K, reserved 1048576K
}
Event: 16.403 GC heap after
{Heap after GC invocations=113 (full 2):
 PSYoungGen      total 9728K, used 1798K [0x00000000d5580000, 0x00000000d6100000, 0x0000000100000000)
  eden space 7680K, 0% used [0x00000000d5580000,0x00000000d5580000,0x00000000d5d00000)
  from space 2048K, 87% used [0x00000000d5d00000,0x00000000d5ec1980,0x00000000d5f00000)
  to   space 2048K, 0% used [0x00000000d5f00000,0x00000000d5f00000,0x00000000d6100000)
 ParOldGen       total 239616K, used 239162K [0x0000000080000000, 0x000000008ea00000, 0x00000000d5580000)
  object space 239616K, 99% used [0x0000000080000000,0x000000008e98e9d8,0x000000008ea00000)
 Metaspace       used 50604K, committed 51840K, reserved 1114112K
  class space    used 5294K, committed 5888K, reserved 1048576K
}
Event: 16.434 GC heap before
{Heap before GC invocations=114 (full 2):
 PSYoungGen      total 9728K, used 9478K [0x00000000d5580000, 0x00000000d6100000, 0x0000000100000000)
  eden space 7680K, 100% used [0x00000000d5580000,0x00000000d5d00000,0x00000000d5d00000)
  from space 2048K, 87% used [0x00000000d5d00000,0x00000000d5ec1980,0x00000000d5f00000)
  to   space 2048K, 0% used [0x00000000d5f00000,0x00000000d5f00000,0x00000000d6100000)
 ParOldGen       total 239616K, used 239162K [0x0000000080000000, 0x000000008ea00000, 0x00000000d5580000)
  object space 239616K, 99% used [0x0000000080000000,0x000000008e98e9d8,0x000000008ea00000)
 Metaspace       used 50604K, committed 51840K, reserved 1114112K
  class space    used 5294K, committed 5888K, reserved 1048576K
}
Event: 16.437 GC heap after
{Heap after GC invocations=114 (full 2):
 PSYoungGen      total 9728K, used 1874K [0x00000000d5580000, 0x00000000d6100000, 0x0000000100000000)
  eden space 7680K, 0% used [0x00000000d5580000,0x00000000d5580000,0x00000000d5d00000)
  from space 2048K, 91% used [0x00000000d5f00000,0x00000000d60d48d0,0x00000000d6100000)
  to   space 2048K, 0% used [0x00000000d5d00000,0x00000000d5d00000,0x00000000d5f00000)
 ParOldGen       total 241152K, used 240811K [0x0000000080000000, 0x000000008eb80000, 0x00000000d5580000)
  object space 241152K, 99% used [0x0000000080000000,0x000000008eb2ae30,0x000000008eb80000)
 Metaspace       used 50604K, committed 51840K, reserved 1114112K
  class space    used 5294K, committed 5888K, reserved 1048576K
}
Event: 16.465 GC heap before
{Heap before GC invocations=115 (full 2):
 PSYoungGen      total 9728K, used 9554K [0x00000000d5580000, 0x00000000d6100000, 0x0000000100000000)
  eden space 7680K, 100% used [0x00000000d5580000,0x00000000d5d00000,0x00000000d5d00000)
  from space 2048K, 91% used [0x00000000d5f00000,0x00000000d60d48d0,0x00000000d6100000)
  to   space 2048K, 0% used [0x00000000d5d00000,0x00000000d5d00000,0x00000000d5f00000)
 ParOldGen       total 241152K, used 240811K [0x0000000080000000, 0x000000008eb80000, 0x00000000d5580000)
  object space 241152K, 99% used [0x0000000080000000,0x000000008eb2ae30,0x000000008eb80000)
 Metaspace       used 50612K, committed 51840K, reserved 1114112K
  class space    used 5294K, committed 5888K, reserved 1048576K
}
Event: 16.469 GC heap after
{Heap after GC invocations=115 (full 2):
 PSYoungGen      total 9728K, used 1858K [0x00000000d5580000, 0x00000000d6100000, 0x0000000100000000)
  eden space 7680K, 0% used [0x00000000d5580000,0x00000000d5580000,0x00000000d5d00000)
  from space 2048K, 90% used [0x00000000d5d00000,0x00000000d5ed08e0,0x00000000d5f00000)
  to   space 2048K, 0% used [0x00000000d5f00000,0x00000000d5f00000,0x00000000d6100000)
 ParOldGen       total 242688K, used 242518K [0x0000000080000000, 0x000000008ed00000, 0x00000000d5580000)
  object space 242688K, 99% used [0x0000000080000000,0x000000008ecd5a58,0x000000008ed00000)
 Metaspace       used 50612K, committed 51840K, reserved 1114112K
  class space    used 5294K, committed 5888K, reserved 1048576K
}
Event: 16.492 GC heap before
{Heap before GC invocations=116 (full 2):
 PSYoungGen      total 9728K, used 9538K [0x00000000d5580000, 0x00000000d6100000, 0x0000000100000000)
  eden space 7680K, 100% used [0x00000000d5580000,0x00000000d5d00000,0x00000000d5d00000)
  from space 2048K, 90% used [0x00000000d5d00000,0x00000000d5ed08e0,0x00000000d5f00000)
  to   space 2048K, 0% used [0x00000000d5f00000,0x00000000d5f00000,0x00000000d6100000)
 ParOldGen       total 242688K, used 242518K [0x0000000080000000, 0x000000008ed00000, 0x00000000d5580000)
  object space 242688K, 99% used [0x0000000080000000,0x000000008ecd5a58,0x000000008ed00000)
 Metaspace       used 50612K, committed 51840K, reserved 1114112K
  class space    used 5294K, committed 5888K, reserved 1048576K
}
Event: 16.496 GC heap after
{Heap after GC invocations=116 (full 2):
 PSYoungGen      total 9728K, used 1798K [0x00000000d5580000, 0x00000000d6100000, 0x0000000100000000)
  eden space 7680K, 0% used [0x00000000d5580000,0x00000000d5580000,0x00000000d5d00000)
  from space 2048K, 87% used [0x00000000d5f00000,0x00000000d60c1b78,0x00000000d6100000)
  to   space 2048K, 0% used [0x00000000d5d00000,0x00000000d5d00000,0x00000000d5f00000)
 ParOldGen       total 244224K, used 244175K [0x0000000080000000, 0x000000008ee80000, 0x00000000d5580000)
  object space 244224K, 99% used [0x0000000080000000,0x000000008ee73c28,0x000000008ee80000)
 Metaspace       used 50612K, committed 51840K, reserved 1114112K
  class space    used 5294K, committed 5888K, reserved 1048576K
}
Event: 16.550 GC heap before
{Heap before GC invocations=117 (full 2):
 PSYoungGen      total 9728K, used 9478K [0x00000000d5580000, 0x00000000d6100000, 0x0000000100000000)
  eden space 7680K, 100% used [0x00000000d5580000,0x00000000d5d00000,0x00000000d5d00000)
  from space 2048K, 87% used [0x00000000d5f00000,0x00000000d60c1b78,0x00000000d6100000)
  to   space 2048K, 0% used [0x00000000d5d00000,0x00000000d5d00000,0x00000000d5f00000)
 ParOldGen       total 244224K, used 244175K [0x0000000080000000, 0x000000008ee80000, 0x00000000d5580000)
  object space 244224K, 99% used [0x0000000080000000,0x000000008ee73c28,0x000000008ee80000)
 Metaspace       used 50612K, committed 51840K, reserved 1114112K
  class space    used 5294K, committed 5888K, reserved 1048576K
}
Event: 16.555 GC heap after
{Heap after GC invocations=117 (full 2):
 PSYoungGen      total 9728K, used 1778K [0x00000000d5580000, 0x00000000d6100000, 0x0000000100000000)
  eden space 7680K, 0% used [0x00000000d5580000,0x00000000d5580000,0x00000000d5d00000)
  from space 2048K, 86% used [0x00000000d5d00000,0x00000000d5ebc888,0x00000000d5f00000)
  to   space 2048K, 0% used [0x00000000d5f00000,0x00000000d5f00000,0x00000000d6100000)
 ParOldGen       total 246272K, used 245840K [0x0000000080000000, 0x000000008f080000, 0x00000000d5580000)
  object space 246272K, 99% used [0x0000000080000000,0x000000008f014230,0x000000008f080000)
 Metaspace       used 50612K, committed 51840K, reserved 1114112K
  class space    used 5294K, committed 5888K, reserved 1048576K
}
Event: 16.600 GC heap before
{Heap before GC invocations=118 (full 2):
 PSYoungGen      total 9728K, used 9458K [0x00000000d5580000, 0x00000000d6100000, 0x0000000100000000)
  eden space 7680K, 100% used [0x00000000d5580000,0x00000000d5d00000,0x00000000d5d00000)
  from space 2048K, 86% used [0x00000000d5d00000,0x00000000d5ebc888,0x00000000d5f00000)
  to   space 2048K, 0% used [0x00000000d5f00000,0x00000000d5f00000,0x00000000d6100000)
 ParOldGen       total 246272K, used 245840K [0x0000000080000000, 0x000000008f080000, 0x00000000d5580000)
  object space 246272K, 99% used [0x0000000080000000,0x000000008f014230,0x000000008f080000)
 Metaspace       used 50612K, committed 51840K, reserved 1114112K
  class space    used 5294K, committed 5888K, reserved 1048576K
}
Event: 16.604 GC heap after
{Heap after GC invocations=118 (full 2):
 PSYoungGen      total 9728K, used 1808K [0x00000000d5580000, 0x00000000d6100000, 0x0000000100000000)
  eden space 7680K, 0% used [0x00000000d5580000,0x00000000d5580000,0x00000000d5d00000)
  from space 2048K, 88% used [0x00000000d5f00000,0x00000000d60c41c8,0x00000000d6100000)
  to   space 2048K, 0% used [0x00000000d5d00000,0x00000000d5d00000,0x00000000d5f00000)
 ParOldGen       total 247808K, used 247489K [0x0000000080000000, 0x000000008f200000, 0x00000000d5580000)
  object space 247808K, 99% used [0x0000000080000000,0x000000008f1b06c0,0x000000008f200000)
 Metaspace       used 50612K, committed 51840K, reserved 1114112K
  class space    used 5294K, committed 5888K, reserved 1048576K
}
Event: 16.659 GC heap before
{Heap before GC invocations=119 (full 2):
 PSYoungGen      total 9728K, used 9488K [0x00000000d5580000, 0x00000000d6100000, 0x0000000100000000)
  eden space 7680K, 100% used [0x00000000d5580000,0x00000000d5d00000,0x00000000d5d00000)
  from space 2048K, 88% used [0x00000000d5f00000,0x00000000d60c41c8,0x00000000d6100000)
  to   space 2048K, 0% used [0x00000000d5d00000,0x00000000d5d00000,0x00000000d5f00000)
 ParOldGen       total 247808K, used 247489K [0x0000000080000000, 0x000000008f200000, 0x00000000d5580000)
  object space 247808K, 99% used [0x0000000080000000,0x000000008f1b06c0,0x000000008f200000)
 Metaspace       used 50612K, committed 51840K, reserved 1114112K
  class space    used 5294K, committed 5888K, reserved 1048576K
}
Event: 16.662 GC heap after
{Heap after GC invocations=119 (full 2):
 PSYoungGen      total 9728K, used 1873K [0x00000000d5580000, 0x00000000d6100000, 0x0000000100000000)
  eden space 7680K, 0% used [0x00000000d5580000,0x00000000d5580000,0x00000000d5d00000)
  from space 2048K, 91% used [0x00000000d5d00000,0x00000000d5ed47a8,0x00000000d5f00000)
  to   space 2048K, 0% used [0x00000000d5f00000,0x00000000d5f00000,0x00000000d6100000)
 ParOldGen       total 249344K, used 249115K [0x0000000080000000, 0x000000008f380000, 0x00000000d5580000)
  object space 249344K, 99% used [0x0000000080000000,0x000000008f346f68,0x000000008f380000)
 Metaspace       used 50612K, committed 51840K, reserved 1114112K
  class space    used 5294K, committed 5888K, reserved 1048576K
}
Event: 16.709 GC heap before
{Heap before GC invocations=120 (full 2):
 PSYoungGen      total 9728K, used 9553K [0x00000000d5580000, 0x00000000d6100000, 0x0000000100000000)
  eden space 7680K, 100% used [0x00000000d5580000,0x00000000d5d00000,0x00000000d5d00000)
  from space 2048K, 91% used [0x00000000d5d00000,0x00000000d5ed47a8,0x00000000d5f00000)
  to   space 2048K, 0% used [0x00000000d5f00000,0x00000000d5f00000,0x00000000d6100000)
 ParOldGen       total 249344K, used 249115K [0x0000000080000000, 0x000000008f380000, 0x00000000d5580000)
  object space 249344K, 99% used [0x0000000080000000,0x000000008f346f68,0x000000008f380000)
 Metaspace       used 50612K, committed 51840K, reserved 1114112K
  class space    used 5294K, committed 5888K, reserved 1048576K
}
Event: 16.712 GC heap after
{Heap after GC invocations=120 (full 2):
 PSYoungGen      total 9728K, used 1716K [0x00000000d5580000, 0x00000000d6100000, 0x0000000100000000)
  eden space 7680K, 0% used [0x00000000d5580000,0x00000000d5580000,0x00000000d5d00000)
  from space 2048K, 83% used [0x00000000d5f00000,0x00000000d60ad3b8,0x00000000d6100000)
  to   space 2048K, 0% used [0x00000000d5d00000,0x00000000d5d00000,0x00000000d5f00000)
 ParOldGen       total 250880K, used 250813K [0x0000000080000000, 0x000000008f500000, 0x00000000d5580000)
  object space 250880K, 99% used [0x0000000080000000,0x000000008f4ef4c8,0x000000008f500000)
 Metaspace       used 50612K, committed 51840K, reserved 1114112K
  class space    used 5294K, committed 5888K, reserved 1048576K
}

