# JRE version: OpenJDK Runtime Environment Temurin-21.0.7+6 (21.0.7+6) (build 21.0.7+6-LTS)
# Java VM: OpenJDK 64-Bit Server VM Temurin-21.0.7+6 (21.0.7+6-LTS, mixed mode, sharing, tiered, compressed oops, compressed class ptrs, parallel gc, windows-amd64)
GC Precious Log:
 CardTable entry size: 512
 CPUs: 8 total, 8 available
 Memory: 7101M
 Large Page Support: Disabled
 NUMA Support: Disabled
 Compressed Oops: Enabled (32-bit)
 Alignments: Space 512K, Generation 512K, Heap 2M
 Heap Min Capacity: 100M
 Heap Initial Capacity: 100M
 Heap Max Capacity: 2G
 Pre-touch: Disabled
 Parallel Workers: 8
Heap:
 PSYoungGen      total 6656K, used 6592K [0x00000000d5580000, 0x00000000d5f00000, 0x0000000100000000)
  eden space 4608K, 99% used [0x00000000d5580000,0x00000000d59fdf00,0x00000000d5a00000)
  from space 2048K, 97% used [0x00000000d5d00000,0x00000000d5ef23c0,0x00000000d5f00000)
  to   space 2560K, 96% used [0x00000000d5a00000,0x00000000d5c6ab50,0x00000000d5c80000)
 ParOldGen       total 371200K, used 370707K [0x0000000080000000, 0x0000000096a80000, 0x00000000d5580000)
  object space 371200K, 99% used [0x0000000080000000,0x0000000096a04ea8,0x0000000096a80000)
 Metaspace       used 57448K, committed 58752K, reserved 1114112K
  class space    used 5963K, committed 6592K, reserved 1048576K
GC Heap History (20 events):
Event: 27.837 GC heap before
{Heap before GC invocations=294 (full 3):
 PSYoungGen      total 4096K, used 3910K [0x00000000d5580000, 0x00000000d5b80000, 0x0000000100000000)
  eden space 2560K, 100% used [0x00000000d5580000,0x00000000d5800000,0x00000000d5800000)
  from space 1536K, 87% used [0x00000000d5a00000,0x00000000d5b51ae8,0x00000000d5b80000)
  to   space 1536K, 0% used [0x00000000d5880000,0x00000000d5880000,0x00000000d5a00000)
 ParOldGen       total 366592K, used 366482K [0x0000000080000000, 0x0000000096600000, 0x00000000d5580000)
  object space 366592K, 99% used [0x0000000080000000,0x00000000965e4930,0x0000000096600000)
 Metaspace       used 55248K, committed 56576K, reserved 1114112K
  class space    used 5737K, committed 6336K, reserved 1048576K
}
Event: 27.840 GC heap after
{Heap after GC invocations=294 (full 3):
 PSYoungGen      total 4608K, used 1253K [0x00000000d5580000, 0x00000000d5b80000, 0x0000000100000000)
  eden space 3072K, 0% used [0x00000000d5580000,0x00000000d5580000,0x00000000d5880000)
  from space 1536K, 81% used [0x00000000d5880000,0x00000000d59b9528,0x00000000d5a00000)
  to   space 1536K, 0% used [0x00000000d5a00000,0x00000000d5a00000,0x00000000d5b80000)
 ParOldGen       total 366592K, used 366506K [0x0000000080000000, 0x0000000096600000, 0x00000000d5580000)
  object space 366592K, 99% used [0x0000000080000000,0x00000000965ea930,0x0000000096600000)
 Metaspace       used 55248K, committed 56576K, reserved 1114112K
  class space    used 5737K, committed 6336K, reserved 1048576K
}
Event: 27.849 GC heap before
{Heap before GC invocations=295 (full 3):
 PSYoungGen      total 4608K, used 4325K [0x00000000d5580000, 0x00000000d5b80000, 0x0000000100000000)
  eden space 3072K, 100% used [0x00000000d5580000,0x00000000d5880000,0x00000000d5880000)
  from space 1536K, 81% used [0x00000000d5880000,0x00000000d59b9528,0x00000000d5a00000)
  to   space 1536K, 0% used [0x00000000d5a00000,0x00000000d5a00000,0x00000000d5b80000)
 ParOldGen       total 366592K, used 366506K [0x0000000080000000, 0x0000000096600000, 0x00000000d5580000)
  object space 366592K, 99% used [0x0000000080000000,0x00000000965ea930,0x0000000096600000)
 Metaspace       used 55248K, committed 56576K, reserved 1114112K
  class space    used 5737K, committed 6336K, reserved 1048576K
}
Event: 27.852 GC heap after
{Heap after GC invocations=295 (full 3):
 PSYoungGen      total 4608K, used 1033K [0x00000000d5580000, 0x00000000d5c80000, 0x0000000100000000)
  eden space 3072K, 0% used [0x00000000d5580000,0x00000000d5580000,0x00000000d5880000)
  from space 1536K, 67% used [0x00000000d5a00000,0x00000000d5b02520,0x00000000d5b80000)
  to   space 1536K, 0% used [0x00000000d5880000,0x00000000d5880000,0x00000000d5a00000)
 ParOldGen       total 367104K, used 366731K [0x0000000080000000, 0x0000000096680000, 0x00000000d5580000)
  object space 367104K, 99% used [0x0000000080000000,0x0000000096622c40,0x0000000096680000)
 Metaspace       used 55248K, committed 56576K, reserved 1114112K
  class space    used 5737K, committed 6336K, reserved 1048576K
}
Event: 27.860 GC heap before
{Heap before GC invocations=296 (full 3):
 PSYoungGen      total 4608K, used 4105K [0x00000000d5580000, 0x00000000d5c80000, 0x0000000100000000)
  eden space 3072K, 100% used [0x00000000d5580000,0x00000000d5880000,0x00000000d5880000)
  from space 1536K, 67% used [0x00000000d5a00000,0x00000000d5b02520,0x00000000d5b80000)
  to   space 1536K, 0% used [0x00000000d5880000,0x00000000d5880000,0x00000000d5a00000)
 ParOldGen       total 367104K, used 366731K [0x0000000080000000, 0x0000000096680000, 0x00000000d5580000)
  object space 367104K, 99% used [0x0000000080000000,0x0000000096622c40,0x0000000096680000)
 Metaspace       used 55250K, committed 56576K, reserved 1114112K
  class space    used 5737K, committed 6336K, reserved 1048576K
}
Event: 27.863 GC heap after
{Heap after GC invocations=296 (full 3):
 PSYoungGen      total 4608K, used 969K [0x00000000d5580000, 0x00000000d5b80000, 0x0000000100000000)
  eden space 3072K, 0% used [0x00000000d5580000,0x00000000d5580000,0x00000000d5880000)
  from space 1536K, 63% used [0x00000000d5880000,0x00000000d5972548,0x00000000d5a00000)
  to   space 1024K, 0% used [0x00000000d5a80000,0x00000000d5a80000,0x00000000d5b80000)
 ParOldGen       total 367104K, used 366731K [0x0000000080000000, 0x0000000096680000, 0x00000000d5580000)
  object space 367104K, 99% used [0x0000000080000000,0x0000000096622c40,0x0000000096680000)
 Metaspace       used 55250K, committed 56576K, reserved 1114112K
  class space    used 5737K, committed 6336K, reserved 1048576K
}
Event: 27.869 GC heap before
{Heap before GC invocations=297 (full 3):
 PSYoungGen      total 4608K, used 4016K [0x00000000d5580000, 0x00000000d5b80000, 0x0000000100000000)
  eden space 3072K, 99% used [0x00000000d5580000,0x00000000d5879c18,0x00000000d5880000)
  from space 1536K, 63% used [0x00000000d5880000,0x00000000d5972548,0x00000000d5a00000)
  to   space 1024K, 0% used [0x00000000d5a80000,0x00000000d5a80000,0x00000000d5b80000)
 ParOldGen       total 367104K, used 366731K [0x0000000080000000, 0x0000000096680000, 0x00000000d5580000)
  object space 367104K, 99% used [0x0000000080000000,0x0000000096622c40,0x0000000096680000)
 Metaspace       used 55251K, committed 56576K, reserved 1114112K
  class space    used 5737K, committed 6336K, reserved 1048576K
}
Event: 27.871 GC heap after
{Heap after GC invocations=297 (full 3):
 PSYoungGen      total 4608K, used 1008K [0x00000000d5580000, 0x00000000d5c80000, 0x0000000100000000)
  eden space 3584K, 0% used [0x00000000d5580000,0x00000000d5580000,0x00000000d5900000)
  from space 1024K, 98% used [0x00000000d5a80000,0x00000000d5b7c090,0x00000000d5b80000)
  to   space 1536K, 0% used [0x00000000d5900000,0x00000000d5900000,0x00000000d5a80000)
 ParOldGen       total 367104K, used 366899K [0x0000000080000000, 0x0000000096680000, 0x00000000d5580000)
  object space 367104K, 99% used [0x0000000080000000,0x000000009664cc40,0x0000000096680000)
 Metaspace       used 55251K, committed 56576K, reserved 1114112K
  class space    used 5737K, committed 6336K, reserved 1048576K
}
Event: 27.878 GC heap before
{Heap before GC invocations=298 (full 3):
 PSYoungGen      total 4608K, used 4592K [0x00000000d5580000, 0x00000000d5c80000, 0x0000000100000000)
  eden space 3584K, 100% used [0x00000000d5580000,0x00000000d5900000,0x00000000d5900000)
  from space 1024K, 98% used [0x00000000d5a80000,0x00000000d5b7c090,0x00000000d5b80000)
  to   space 1536K, 0% used [0x00000000d5900000,0x00000000d5900000,0x00000000d5a80000)
 ParOldGen       total 367104K, used 366899K [0x0000000080000000, 0x0000000096680000, 0x00000000d5580000)
  object space 367104K, 99% used [0x0000000080000000,0x000000009664cc40,0x0000000096680000)
 Metaspace       used 55252K, committed 56576K, reserved 1114112K
  class space    used 5737K, committed 6336K, reserved 1048576K
}
Event: 27.880 GC heap after
{Heap after GC invocations=298 (full 3):
 PSYoungGen      total 5120K, used 1099K [0x00000000d5580000, 0x00000000d5d00000, 0x0000000100000000)
  eden space 3584K, 0% used [0x00000000d5580000,0x00000000d5580000,0x00000000d5900000)
  from space 1536K, 71% used [0x00000000d5900000,0x00000000d5a12e90,0x00000000d5a80000)
  to   space 1536K, 0% used [0x00000000d5b80000,0x00000000d5b80000,0x00000000d5d00000)
 ParOldGen       total 367104K, used 366907K [0x0000000080000000, 0x0000000096680000, 0x00000000d5580000)
  object space 367104K, 99% used [0x0000000080000000,0x000000009664ec40,0x0000000096680000)
 Metaspace       used 55252K, committed 56576K, reserved 1114112K
  class space    used 5737K, committed 6336K, reserved 1048576K
}
Event: 27.902 GC heap before
{Heap before GC invocations=299 (full 3):
 PSYoungGen      total 5120K, used 4683K [0x00000000d5580000, 0x00000000d5d00000, 0x0000000100000000)
  eden space 3584K, 100% used [0x00000000d5580000,0x00000000d5900000,0x00000000d5900000)
  from space 1536K, 71% used [0x00000000d5900000,0x00000000d5a12e90,0x00000000d5a80000)
  to   space 1536K, 0% used [0x00000000d5b80000,0x00000000d5b80000,0x00000000d5d00000)
 ParOldGen       total 367104K, used 366907K [0x0000000080000000, 0x0000000096680000, 0x00000000d5580000)
  object space 367104K, 99% used [0x0000000080000000,0x000000009664ec40,0x0000000096680000)
 Metaspace       used 55500K, committed 56832K, reserved 1114112K
  class space    used 5749K, committed 6336K, reserved 1048576K
}
Event: 27.904 GC heap after
{Heap after GC invocations=299 (full 3):
 PSYoungGen      total 5120K, used 256K [0x00000000d5580000, 0x00000000d5c00000, 0x0000000100000000)
  eden space 4608K, 0% used [0x00000000d5580000,0x00000000d5580000,0x00000000d5a00000)
  from space 512K, 50% used [0x00000000d5b80000,0x00000000d5bc0000,0x00000000d5c00000)
  to   space 1024K, 0% used [0x00000000d5a00000,0x00000000d5a00000,0x00000000d5b00000)
 ParOldGen       total 367104K, used 366907K [0x0000000080000000, 0x0000000096680000, 0x00000000d5580000)
  object space 367104K, 99% used [0x0000000080000000,0x000000009664ec40,0x0000000096680000)
 Metaspace       used 55500K, committed 56832K, reserved 1114112K
  class space    used 5749K, committed 6336K, reserved 1048576K
}
Event: 27.981 GC heap before
{Heap before GC invocations=300 (full 3):
 PSYoungGen      total 5120K, used 4864K [0x00000000d5580000, 0x00000000d5c00000, 0x0000000100000000)
  eden space 4608K, 100% used [0x00000000d5580000,0x00000000d5a00000,0x00000000d5a00000)
  from space 512K, 50% used [0x00000000d5b80000,0x00000000d5bc0000,0x00000000d5c00000)
  to   space 1024K, 0% used [0x00000000d5a00000,0x00000000d5a00000,0x00000000d5b00000)
 ParOldGen       total 367104K, used 366907K [0x0000000080000000, 0x0000000096680000, 0x00000000d5580000)
  object space 367104K, 99% used [0x0000000080000000,0x000000009664ec40,0x0000000096680000)
 Metaspace       used 56295K, committed 57600K, reserved 1114112K
  class space    used 5831K, committed 6400K, reserved 1048576K
}
Event: 27.984 GC heap after
{Heap after GC invocations=300 (full 3):
 PSYoungGen      total 5632K, used 192K [0x00000000d5580000, 0x00000000d5c00000, 0x0000000100000000)
  eden space 4608K, 0% used [0x00000000d5580000,0x00000000d5580000,0x00000000d5a00000)
  from space 1024K, 18% used [0x00000000d5a00000,0x00000000d5a30000,0x00000000d5b00000)
  to   space 512K, 0% used [0x00000000d5b80000,0x00000000d5b80000,0x00000000d5c00000)
 ParOldGen       total 367104K, used 367019K [0x0000000080000000, 0x0000000096680000, 0x00000000d5580000)
  object space 367104K, 99% used [0x0000000080000000,0x000000009666ac40,0x0000000096680000)
 Metaspace       used 56295K, committed 57600K, reserved 1114112K
  class space    used 5831K, committed 6400K, reserved 1048576K
}
Event: 28.128 GC heap before
{Heap before GC invocations=301 (full 3):
 PSYoungGen      total 5632K, used 4618K [0x00000000d5580000, 0x00000000d5c00000, 0x0000000100000000)
  eden space 4608K, 96% used [0x00000000d5580000,0x00000000d59d2a98,0x00000000d5a00000)
  from space 1024K, 18% used [0x00000000d5a00000,0x00000000d5a30000,0x00000000d5b00000)
  to   space 512K, 0% used [0x00000000d5b80000,0x00000000d5b80000,0x00000000d5c00000)
 ParOldGen       total 367104K, used 367019K [0x0000000080000000, 0x0000000096680000, 0x00000000d5580000)
  object space 367104K, 99% used [0x0000000080000000,0x000000009666ac40,0x0000000096680000)
 Metaspace       used 56796K, committed 58112K, reserved 1114112K
  class space    used 5879K, committed 6464K, reserved 1048576K
}
Event: 28.130 GC heap after
{Heap after GC invocations=301 (full 3):
 PSYoungGen      total 5120K, used 472K [0x00000000d5580000, 0x00000000d5c00000, 0x0000000100000000)
  eden space 4608K, 0% used [0x00000000d5580000,0x00000000d5580000,0x00000000d5a00000)
  from space 512K, 92% used [0x00000000d5b80000,0x00000000d5bf61d8,0x00000000d5c00000)
  to   space 1024K, 0% used [0x00000000d5a00000,0x00000000d5a00000,0x00000000d5b00000)
 ParOldGen       total 367104K, used 367075K [0x0000000080000000, 0x0000000096680000, 0x00000000d5580000)
  object space 367104K, 99% used [0x0000000080000000,0x0000000096678c40,0x0000000096680000)
 Metaspace       used 56796K, committed 58112K, reserved 1114112K
  class space    used 5879K, committed 6464K, reserved 1048576K
}
Event: 28.222 GC heap before
{Heap before GC invocations=302 (full 3):
 PSYoungGen      total 5120K, used 5080K [0x00000000d5580000, 0x00000000d5c00000, 0x0000000100000000)
  eden space 4608K, 100% used [0x00000000d5580000,0x00000000d5a00000,0x00000000d5a00000)
  from space 512K, 92% used [0x00000000d5b80000,0x00000000d5bf61d8,0x00000000d5c00000)
  to   space 1024K, 0% used [0x00000000d5a00000,0x00000000d5a00000,0x00000000d5b00000)
 ParOldGen       total 367104K, used 367075K [0x0000000080000000, 0x0000000096680000, 0x00000000d5580000)
  object space 367104K, 99% used [0x0000000080000000,0x0000000096678c40,0x0000000096680000)
 Metaspace       used 57019K, committed 58304K, reserved 1114112K
  class space    used 5903K, committed 6528K, reserved 1048576K
}
Event: 28.227 GC heap after
{Heap after GC invocations=302 (full 3):
 PSYoungGen      total 5632K, used 994K [0x00000000d5580000, 0x00000000d6000000, 0x0000000100000000)
  eden space 4608K, 0% used [0x00000000d5580000,0x00000000d5580000,0x00000000d5a00000)
  from space 1024K, 97% used [0x00000000d5a00000,0x00000000d5af8978,0x00000000d5b00000)
  to   space 3072K, 0% used [0x00000000d5d00000,0x00000000d5d00000,0x00000000d6000000)
 ParOldGen       total 368640K, used 368507K [0x0000000080000000, 0x0000000096800000, 0x00000000d5580000)
  object space 368640K, 99% used [0x0000000080000000,0x00000000967dec30,0x0000000096800000)
 Metaspace       used 57019K, committed 58304K, reserved 1114112K
  class space    used 5903K, committed 6528K, reserved 1048576K
}
Event: 28.282 GC heap before
{Heap before GC invocations=303 (full 3):
 PSYoungGen      total 5632K, used 5602K [0x00000000d5580000, 0x00000000d6000000, 0x0000000100000000)
  eden space 4608K, 100% used [0x00000000d5580000,0x00000000d5a00000,0x00000000d5a00000)
  from space 1024K, 97% used [0x00000000d5a00000,0x00000000d5af8978,0x00000000d5b00000)
  to   space 3072K, 0% used [0x00000000d5d00000,0x00000000d5d00000,0x00000000d6000000)
 ParOldGen       total 368640K, used 368507K [0x0000000080000000, 0x0000000096800000, 0x00000000d5580000)
  object space 368640K, 99% used [0x0000000080000000,0x00000000967dec30,0x0000000096800000)
 Metaspace       used 57265K, committed 58560K, reserved 1114112K
  class space    used 5936K, committed 6528K, reserved 1048576K
}
Event: 28.289 GC heap after
{Heap after GC invocations=303 (full 3):
 PSYoungGen      total 6656K, used 1992K [0x00000000d5580000, 0x00000000d5f00000, 0x0000000100000000)
  eden space 4608K, 0% used [0x00000000d5580000,0x00000000d5580000,0x00000000d5a00000)
  from space 2048K, 97% used [0x00000000d5d00000,0x00000000d5ef23c0,0x00000000d5f00000)
  to   space 2560K, 0% used [0x00000000d5a00000,0x00000000d5a00000,0x00000000d5c80000)
 ParOldGen       total 369664K, used 369250K [0x0000000080000000, 0x0000000096900000, 0x00000000d5580000)
  object space 369664K, 99% used [0x0000000080000000,0x0000000096898b70,0x0000000096900000)
 Metaspace       used 57265K, committed 58560K, reserved 1114112K
  class space    used 5936K, committed 6528K, reserved 1048576K
}

