# JRE version: OpenJDK Runtime Environment Temurin-21.0.7+6 (21.0.7+6) (build 21.0.7+6-LTS)
# Java VM: OpenJDK 64-Bit Server VM Temurin-21.0.7+6 (21.0.7+6-LTS, mixed mode, sharing, tiered, compressed oops, compressed class ptrs, parallel gc, windows-amd64)
GC Precious Log:
 CardTable entry size: 512
 CPUs: 8 total, 8 available
 Memory: 7101M
 Large Page Support: Disabled
 NUMA Support: Disabled
 Compressed Oops: Enabled (32-bit)
 Alignments: Space 512K, Generation 512K, Heap 2M
 Heap Min Capacity: 100M
 Heap Initial Capacity: 100M
 Heap Max Capacity: 2G
 Pre-touch: Disabled
 Parallel Workers: 8
Heap:
 PSYoungGen      total 9728K, used 9724K [0x00000000d5580000, 0x00000000d6900000, 0x0000000100000000)
  eden space 8192K, 100% used [0x00000000d5580000,0x00000000d5d80000,0x00000000d5d80000)
  from space 1536K, 99% used [0x00000000d6280000,0x00000000d63ff378,0x00000000d6400000)
  to   space 5120K, 40% used [0x00000000d5d80000,0x00000000d5f82620,0x00000000d6280000)
 ParOldGen       total 126464K, used 126349K [0x0000000080000000, 0x0000000087b80000, 0x00000000d5580000)
  object space 126464K, 99% used [0x0000000080000000,0x0000000087b635f8,0x0000000087b80000)
 Metaspace       used 50005K, committed 51200K, reserved 1114112K
  class space    used 5290K, committed 5824K, reserved 1048576K
GC Heap History (20 events):
Event: 19.897 GC heap after
{Heap after GC invocations=48 (full 2):
 PSYoungGen      total 12288K, used 2557K [0x00000000d5580000, 0x00000000d6d80000, 0x0000000100000000)
  eden space 9728K, 0% used [0x00000000d5580000,0x00000000d5580000,0x00000000d5f00000)
  from space 2560K, 99% used [0x00000000d6500000,0x00000000d677f598,0x00000000d6780000)
  to   space 6144K, 0% used [0x00000000d5f00000,0x00000000d5f00000,0x00000000d6500000)
 ParOldGen       total 104960K, used 104609K [0x0000000080000000, 0x0000000086680000, 0x00000000d5580000)
  object space 104960K, 99% used [0x0000000080000000,0x00000000866286f0,0x0000000086680000)
 Metaspace       used 49998K, committed 51200K, reserved 1114112K
  class space    used 5290K, committed 5824K, reserved 1048576K
}
Event: 19.962 GC heap before
{Heap before GC invocations=49 (full 2):
 PSYoungGen      total 12288K, used 12285K [0x00000000d5580000, 0x00000000d6d80000, 0x0000000100000000)
  eden space 9728K, 100% used [0x00000000d5580000,0x00000000d5f00000,0x00000000d5f00000)
  from space 2560K, 99% used [0x00000000d6500000,0x00000000d677f598,0x00000000d6780000)
  to   space 6144K, 0% used [0x00000000d5f00000,0x00000000d5f00000,0x00000000d6500000)
 ParOldGen       total 104960K, used 104609K [0x0000000080000000, 0x0000000086680000, 0x00000000d5580000)
  object space 104960K, 99% used [0x0000000080000000,0x00000000866286f0,0x0000000086680000)
 Metaspace       used 49998K, committed 51200K, reserved 1114112K
  class space    used 5290K, committed 5824K, reserved 1048576K
}
Event: 19.966 GC heap after
{Heap after GC invocations=49 (full 2):
 PSYoungGen      total 12288K, used 2509K [0x00000000d5580000, 0x00000000d6600000, 0x0000000100000000)
  eden space 9728K, 0% used [0x00000000d5580000,0x00000000d5580000,0x00000000d5f00000)
  from space 2560K, 98% used [0x00000000d5f00000,0x00000000d6173560,0x00000000d6180000)
  to   space 3584K, 0% used [0x00000000d6280000,0x00000000d6280000,0x00000000d6600000)
 ParOldGen       total 107520K, used 107131K [0x0000000080000000, 0x0000000086900000, 0x00000000d5580000)
  object space 107520K, 99% used [0x0000000080000000,0x000000008689ecc8,0x0000000086900000)
 Metaspace       used 49998K, committed 51200K, reserved 1114112K
  class space    used 5290K, committed 5824K, reserved 1048576K
}
Event: 20.033 GC heap before
{Heap before GC invocations=50 (full 2):
 PSYoungGen      total 12288K, used 11374K [0x00000000d5580000, 0x00000000d6600000, 0x0000000100000000)
  eden space 9728K, 91% used [0x00000000d5580000,0x00000000d5e28560,0x00000000d5f00000)
  from space 2560K, 98% used [0x00000000d5f00000,0x00000000d6173560,0x00000000d6180000)
  to   space 3584K, 0% used [0x00000000d6280000,0x00000000d6280000,0x00000000d6600000)
 ParOldGen       total 107520K, used 107131K [0x0000000080000000, 0x0000000086900000, 0x00000000d5580000)
  object space 107520K, 99% used [0x0000000080000000,0x000000008689ecc8,0x0000000086900000)
 Metaspace       used 49998K, committed 51200K, reserved 1114112K
  class space    used 5290K, committed 5824K, reserved 1048576K
}
Event: 20.038 GC heap after
{Heap after GC invocations=50 (full 2):
 PSYoungGen      total 12288K, used 2357K [0x00000000d5580000, 0x00000000d6500000, 0x0000000100000000)
  eden space 9728K, 0% used [0x00000000d5580000,0x00000000d5580000,0x00000000d5f00000)
  from space 2560K, 92% used [0x00000000d6280000,0x00000000d64cd798,0x00000000d6500000)
  to   space 3072K, 0% used [0x00000000d5f00000,0x00000000d5f00000,0x00000000d6200000)
 ParOldGen       total 109568K, used 109427K [0x0000000080000000, 0x0000000086b00000, 0x00000000d5580000)
  object space 109568K, 99% used [0x0000000080000000,0x0000000086adcc20,0x0000000086b00000)
 Metaspace       used 49998K, committed 51200K, reserved 1114112K
  class space    used 5290K, committed 5824K, reserved 1048576K
}
Event: 20.126 GC heap before
{Heap before GC invocations=51 (full 2):
 PSYoungGen      total 12288K, used 12085K [0x00000000d5580000, 0x00000000d6500000, 0x0000000100000000)
  eden space 9728K, 100% used [0x00000000d5580000,0x00000000d5f00000,0x00000000d5f00000)
  from space 2560K, 92% used [0x00000000d6280000,0x00000000d64cd798,0x00000000d6500000)
  to   space 3072K, 0% used [0x00000000d5f00000,0x00000000d5f00000,0x00000000d6200000)
 ParOldGen       total 109568K, used 109427K [0x0000000080000000, 0x0000000086b00000, 0x00000000d5580000)
  object space 109568K, 99% used [0x0000000080000000,0x0000000086adcc20,0x0000000086b00000)
 Metaspace       used 49999K, committed 51200K, reserved 1114112K
  class space    used 5290K, committed 5824K, reserved 1048576K
}
Event: 20.131 GC heap after
{Heap after GC invocations=51 (full 2):
 PSYoungGen      total 12800K, used 3070K [0x00000000d5580000, 0x00000000d6c00000, 0x0000000100000000)
  eden space 9728K, 0% used [0x00000000d5580000,0x00000000d5580000,0x00000000d5f00000)
  from space 3072K, 99% used [0x00000000d5f00000,0x00000000d61ff9b0,0x00000000d6200000)
  to   space 6656K, 0% used [0x00000000d6580000,0x00000000d6580000,0x00000000d6c00000)
 ParOldGen       total 112640K, used 112249K [0x0000000080000000, 0x0000000086e00000, 0x00000000d5580000)
  object space 112640K, 99% used [0x0000000080000000,0x0000000086d9e6d8,0x0000000086e00000)
 Metaspace       used 49999K, committed 51200K, reserved 1114112K
  class space    used 5290K, committed 5824K, reserved 1048576K
}
Event: 20.206 GC heap before
{Heap before GC invocations=52 (full 2):
 PSYoungGen      total 12800K, used 12798K [0x00000000d5580000, 0x00000000d6c00000, 0x0000000100000000)
  eden space 9728K, 100% used [0x00000000d5580000,0x00000000d5f00000,0x00000000d5f00000)
  from space 3072K, 99% used [0x00000000d5f00000,0x00000000d61ff9b0,0x00000000d6200000)
  to   space 6656K, 0% used [0x00000000d6580000,0x00000000d6580000,0x00000000d6c00000)
 ParOldGen       total 112640K, used 112249K [0x0000000080000000, 0x0000000086e00000, 0x00000000d5580000)
  object space 112640K, 99% used [0x0000000080000000,0x0000000086d9e6d8,0x0000000086e00000)
 Metaspace       used 50000K, committed 51200K, reserved 1114112K
  class space    used 5290K, committed 5824K, reserved 1048576K
}
Event: 20.217 GC heap after
{Heap after GC invocations=52 (full 2):
 PSYoungGen      total 12288K, used 2431K [0x00000000d5580000, 0x00000000d6800000, 0x0000000100000000)
  eden space 9728K, 0% used [0x00000000d5580000,0x00000000d5580000,0x00000000d5f00000)
  from space 2560K, 94% used [0x00000000d6580000,0x00000000d67dfda8,0x00000000d6800000)
  to   space 4096K, 0% used [0x00000000d6000000,0x00000000d6000000,0x00000000d6400000)
 ParOldGen       total 115712K, used 115345K [0x0000000080000000, 0x0000000087100000, 0x00000000d5580000)
  object space 115712K, 99% used [0x0000000080000000,0x00000000870a46e0,0x0000000087100000)
 Metaspace       used 50000K, committed 51200K, reserved 1114112K
  class space    used 5290K, committed 5824K, reserved 1048576K
}
Event: 20.289 GC heap before
{Heap before GC invocations=53 (full 2):
 PSYoungGen      total 12288K, used 12159K [0x00000000d5580000, 0x00000000d6800000, 0x0000000100000000)
  eden space 9728K, 100% used [0x00000000d5580000,0x00000000d5f00000,0x00000000d5f00000)
  from space 2560K, 94% used [0x00000000d6580000,0x00000000d67dfda8,0x00000000d6800000)
  to   space 4096K, 0% used [0x00000000d6000000,0x00000000d6000000,0x00000000d6400000)
 ParOldGen       total 115712K, used 115345K [0x0000000080000000, 0x0000000087100000, 0x00000000d5580000)
  object space 115712K, 99% used [0x0000000080000000,0x00000000870a46e0,0x0000000087100000)
 Metaspace       used 50003K, committed 51200K, reserved 1114112K
  class space    used 5290K, committed 5824K, reserved 1048576K
}
Event: 20.295 GC heap after
{Heap after GC invocations=53 (full 2):
 PSYoungGen      total 12288K, used 2449K [0x00000000d5580000, 0x00000000d6600000, 0x0000000100000000)
  eden space 9728K, 0% used [0x00000000d5580000,0x00000000d5580000,0x00000000d5f00000)
  from space 2560K, 95% used [0x00000000d6000000,0x00000000d62645a8,0x00000000d6280000)
  to   space 3072K, 0% used [0x00000000d6300000,0x00000000d6300000,0x00000000d6600000)
 ParOldGen       total 117760K, used 117621K [0x0000000080000000, 0x0000000087300000, 0x00000000d5580000)
  object space 117760K, 99% used [0x0000000080000000,0x00000000872dd428,0x0000000087300000)
 Metaspace       used 50003K, committed 51200K, reserved 1114112K
  class space    used 5290K, committed 5824K, reserved 1048576K
}
Event: 20.363 GC heap before
{Heap before GC invocations=54 (full 2):
 PSYoungGen      total 12288K, used 12177K [0x00000000d5580000, 0x00000000d6600000, 0x0000000100000000)
  eden space 9728K, 100% used [0x00000000d5580000,0x00000000d5f00000,0x00000000d5f00000)
  from space 2560K, 95% used [0x00000000d6000000,0x00000000d62645a8,0x00000000d6280000)
  to   space 3072K, 0% used [0x00000000d6300000,0x00000000d6300000,0x00000000d6600000)
 ParOldGen       total 117760K, used 117621K [0x0000000080000000, 0x0000000087300000, 0x00000000d5580000)
  object space 117760K, 99% used [0x0000000080000000,0x00000000872dd428,0x0000000087300000)
 Metaspace       used 50005K, committed 51200K, reserved 1114112K
  class space    used 5290K, committed 5824K, reserved 1048576K
}
Event: 20.367 GC heap after
{Heap after GC invocations=54 (full 2):
 PSYoungGen      total 12288K, used 2384K [0x00000000d5580000, 0x00000000d6580000, 0x0000000100000000)
  eden space 9728K, 0% used [0x00000000d5580000,0x00000000d5580000,0x00000000d5f00000)
  from space 2560K, 93% used [0x00000000d6300000,0x00000000d65541c8,0x00000000d6580000)
  to   space 2560K, 0% used [0x00000000d6000000,0x00000000d6000000,0x00000000d6280000)
 ParOldGen       total 120320K, used 119932K [0x0000000080000000, 0x0000000087580000, 0x00000000d5580000)
  object space 120320K, 99% used [0x0000000080000000,0x000000008751f030,0x0000000087580000)
 Metaspace       used 50005K, committed 51200K, reserved 1114112K
  class space    used 5290K, committed 5824K, reserved 1048576K
}
Event: 20.425 GC heap before
{Heap before GC invocations=55 (full 2):
 PSYoungGen      total 12288K, used 12112K [0x00000000d5580000, 0x00000000d6580000, 0x0000000100000000)
  eden space 9728K, 100% used [0x00000000d5580000,0x00000000d5f00000,0x00000000d5f00000)
  from space 2560K, 93% used [0x00000000d6300000,0x00000000d65541c8,0x00000000d6580000)
  to   space 2560K, 0% used [0x00000000d6000000,0x00000000d6000000,0x00000000d6280000)
 ParOldGen       total 120320K, used 119932K [0x0000000080000000, 0x0000000087580000, 0x00000000d5580000)
  object space 120320K, 99% used [0x0000000080000000,0x000000008751f030,0x0000000087580000)
 Metaspace       used 50005K, committed 51200K, reserved 1114112K
  class space    used 5290K, committed 5824K, reserved 1048576K
}
Event: 20.430 GC heap after
{Heap after GC invocations=55 (full 2):
 PSYoungGen      total 12288K, used 2455K [0x00000000d5580000, 0x00000000d6400000, 0x0000000100000000)
  eden space 9728K, 0% used [0x00000000d5580000,0x00000000d5580000,0x00000000d5f00000)
  from space 2560K, 95% used [0x00000000d6000000,0x00000000d6265dd0,0x00000000d6280000)
  to   space 1536K, 0% used [0x00000000d6280000,0x00000000d6280000,0x00000000d6400000)
 ParOldGen       total 122368K, used 122163K [0x0000000080000000, 0x0000000087780000, 0x00000000d5580000)
  object space 122368K, 99% used [0x0000000080000000,0x000000008774cd68,0x0000000087780000)
 Metaspace       used 50005K, committed 51200K, reserved 1114112K
  class space    used 5290K, committed 5824K, reserved 1048576K
}
Event: 20.492 GC heap before
{Heap before GC invocations=56 (full 2):
 PSYoungGen      total 12288K, used 12183K [0x00000000d5580000, 0x00000000d6400000, 0x0000000100000000)
  eden space 9728K, 100% used [0x00000000d5580000,0x00000000d5f00000,0x00000000d5f00000)
  from space 2560K, 95% used [0x00000000d6000000,0x00000000d6265dd0,0x00000000d6280000)
  to   space 1536K, 0% used [0x00000000d6280000,0x00000000d6280000,0x00000000d6400000)
 ParOldGen       total 122368K, used 122163K [0x0000000080000000, 0x0000000087780000, 0x00000000d5580000)
  object space 122368K, 99% used [0x0000000080000000,0x000000008774cd68,0x0000000087780000)
 Metaspace       used 50005K, committed 51200K, reserved 1114112K
  class space    used 5290K, committed 5824K, reserved 1048576K
}
Event: 20.500 GC heap after
{Heap after GC invocations=56 (full 2):
 PSYoungGen      total 9728K, used 1532K [0x00000000d5580000, 0x00000000d6900000, 0x0000000100000000)
  eden space 8192K, 0% used [0x00000000d5580000,0x00000000d5580000,0x00000000d5d80000)
  from space 1536K, 99% used [0x00000000d6280000,0x00000000d63ff378,0x00000000d6400000)
  to   space 5120K, 0% used [0x00000000d5d80000,0x00000000d5d80000,0x00000000d6280000)
 ParOldGen       total 125440K, used 125206K [0x0000000080000000, 0x0000000087a80000, 0x00000000d5580000)
  object space 125440K, 99% used [0x0000000080000000,0x0000000087a45be8,0x0000000087a80000)
 Metaspace       used 50005K, committed 51200K, reserved 1114112K
  class space    used 5290K, committed 5824K, reserved 1048576K
}
Event: 20.684 GC heap before
{Heap before GC invocations=57 (full 2):
 PSYoungGen      total 9728K, used 9724K [0x00000000d5580000, 0x00000000d6900000, 0x0000000100000000)
  eden space 8192K, 100% used [0x00000000d5580000,0x00000000d5d80000,0x00000000d5d80000)
  from space 1536K, 99% used [0x00000000d6280000,0x00000000d63ff378,0x00000000d6400000)
  to   space 5120K, 0% used [0x00000000d5d80000,0x00000000d5d80000,0x00000000d6280000)
 ParOldGen       total 125440K, used 125206K [0x0000000080000000, 0x0000000087a80000, 0x00000000d5580000)
  object space 125440K, 99% used [0x0000000080000000,0x0000000087a45be8,0x0000000087a80000)
 Metaspace       used 50005K, committed 51200K, reserved 1114112K
  class space    used 5290K, committed 5824K, reserved 1048576K
}
Event: 20.694 GC heap after
{Heap after GC invocations=57 (full 2):
 PSYoungGen      total 9728K, used 9724K [0x00000000d5580000, 0x00000000d6900000, 0x0000000100000000)
  eden space 8192K, 100% used [0x00000000d5580000,0x00000000d5d80000,0x00000000d5d80000)
  from space 1536K, 99% used [0x00000000d6280000,0x00000000d63ff378,0x00000000d6400000)
  to   space 5120K, 40% used [0x00000000d5d80000,0x00000000d5f82620,0x00000000d6280000)
 ParOldGen       total 126464K, used 126349K [0x0000000080000000, 0x0000000087b80000, 0x00000000d5580000)
  object space 126464K, 99% used [0x0000000080000000,0x0000000087b635f8,0x0000000087b80000)
 Metaspace       used 50005K, committed 51200K, reserved 1114112K
  class space    used 5290K, committed 5824K, reserved 1048576K
}
Event: 20.694 GC heap before
{Heap before GC invocations=58 (full 3):
 PSYoungGen      total 9728K, used 9724K [0x00000000d5580000, 0x00000000d6900000, 0x0000000100000000)
  eden space 8192K, 100% used [0x00000000d5580000,0x00000000d5d80000,0x00000000d5d80000)
  from space 1536K, 99% used [0x00000000d6280000,0x00000000d63ff378,0x00000000d6400000)
  to   space 5120K, 40% used [0x00000000d5d80000,0x00000000d5f82620,0x00000000d6280000)
 ParOldGen       total 126464K, used 126349K [0x0000000080000000, 0x0000000087b80000, 0x00000000d5580000)
  object space 126464K, 99% used [0x0000000080000000,0x0000000087b635f8,0x0000000087b80000)
 Metaspace       used 50005K, committed 51200K, reserved 1114112K
  class space    used 5290K, committed 5824K, reserved 1048576K
}

